<?xml version="1.0" encoding="UTF-8"?>
<!-- Generated by org.testng.reporters.JUnitReportReporter -->
<testsuite skipped="0" hostname="VincentPinto" name="com.website.testing.davina.AddToCart" tests="6" failures="0" timestamp="17 Jul 2020 09:40:50 GMT" time="129.487" errors="0">
  <testcase name="websiteRegisterTest" time="22.384" classname="com.website.testing.davina.AddToCart"/>
  <testcase name="createAccountTest" time="28.821" classname="com.website.testing.davina.AddToCart"/>
  <testcase name="websiteLogin" time="27.188" classname="com.website.testing.davina.AddToCart"/>
  <testcase name="addToCart" time="43.361" classname="com.website.testing.davina.AddToCart"/>
  <testcase name="deleteFromCart" time="5.112" classname="com.website.testing.davina.AddToCart"/>
  <testcase name="logout" time="2.621" classname="com.website.testing.davina.AddToCart"/>
</testsuite> <!-- com.website.testing.davina.AddToCart -->
