<?xml version="1.0" encoding="UTF-8"?>
<!-- Generated by org.testng.reporters.JUnitReportReporter -->
<testsuite skipped="0" hostname="VincentPinto" name="com.website.testing.davina.WebsiteLoginTest" tests="3" failures="0" timestamp="16 Jul 2020 14:41:25 GMT" time="56.873" errors="0">
  <testcase name="websiteRegisterTest" time="10.781" classname="com.website.testing.davina.WebsiteLoginTest"/>
  <testcase name="createAccountTest" time="20.106" classname="com.website.testing.davina.WebsiteLoginTest"/>
  <testcase name="websiteLogin" time="25.986" classname="com.website.testing.davina.WebsiteLoginTest"/>
</testsuite> <!-- com.website.testing.davina.WebsiteLoginTest -->
