<?xml version="1.0" encoding="UTF-8"?>
<!-- Generated by org.testng.reporters.JUnitReportReporter -->
<testsuite skipped="0" hostname="VincentPinto" name="com.website.testing.davina.AddToCart" tests="6" failures="0" timestamp="17 Jul 2020 09:33:02 GMT" time="102.441" errors="0">
  <testcase name="websiteRegisterTest" time="3.385" classname="com.website.testing.davina.AddToCart"/>
  <testcase name="createAccountTest" time="20.056" classname="com.website.testing.davina.AddToCart"/>
  <testcase name="websiteLogin" time="27.504" classname="com.website.testing.davina.AddToCart"/>
  <testcase name="addToCart" time="43.864" classname="com.website.testing.davina.AddToCart"/>
  <testcase name="deleteFromCart" time="5.119" classname="com.website.testing.davina.AddToCart"/>
  <testcase name="logout" time="2.513" classname="com.website.testing.davina.AddToCart"/>
</testsuite> <!-- com.website.testing.davina.AddToCart -->
