<?xml version="1.0" encoding="UTF-8"?>
<!-- Generated by org.testng.reporters.JUnitReportReporter -->
<testsuite skipped="0" hostname="VincentPinto" name="com.website.testing.davina.AddToCart" tests="4" failures="0" timestamp="16 Jul 2020 18:01:47 GMT" time="70.300" errors="0">
  <testcase name="websiteLogin" time="30.702" classname="com.website.testing.davina.AddToCart"/>
  <testcase name="addToCart" time="33.997" classname="com.website.testing.davina.AddToCart"/>
  <testcase name="deleteFromCart" time="2.505" classname="com.website.testing.davina.AddToCart"/>
  <testcase name="logout" time="3.096" classname="com.website.testing.davina.AddToCart"/>
</testsuite> <!-- com.website.testing.davina.AddToCart -->
